TN:
SF:/home/thomas/PhpstormProjects/Badgeuse_Intelligente/src/server/config/config.js
FN:8,makeId
FNF:1
FNH:1
FNDA:15,makeId
DA:1,2
DA:9,15
DA:10,15
DA:12,15
DA:13,75
DA:14,15
DA:21,2
DA:35,2
DA:46,2
DA:56,2
DA:58,2
LF:11
LH:11
BRF:0
BRH:0
end_of_record
TN:
SF:/home/thomas/PhpstormProjects/Badgeuse_Intelligente/src/server/config/database.js
FNF:0
FNH:0
DA:1,1
DA:3,1
LF:2
LH:2
BRF:0
BRH:0
end_of_record
TN:
SF:/home/thomas/PhpstormProjects/Badgeuse_Intelligente/src/server/config/tokenList.js
FN:4,(anonymous_0)
FN:7,(anonymous_1)
FN:14,(anonymous_2)
FN:21,(anonymous_3)
FNF:4
FNH:0
FNDA:0,(anonymous_0)
FNDA:0,(anonymous_1)
FNDA:0,(anonymous_2)
FNDA:0,(anonymous_3)
DA:1,2
DA:2,2
DA:4,2
DA:5,0
DA:7,0
DA:8,0
DA:10,0
DA:11,0
DA:14,2
DA:15,0
DA:16,0
DA:17,0
DA:21,2
DA:22,0
DA:23,0
DA:24,0
LF:16
LH:5
BRF:0
BRH:0
end_of_record
